[debug] [2025-08-11T16:57:53.217Z] ----------------------------------------------------------------------
[debug] [2025-08-11T16:57:53.222Z] Command:       /data/data/com.termux/files/usr/bin/node /data/data/com.termux/files/usr/bin/firebase deploy --only hosting --project sentinel-vanguard-ai-pro
[debug] [2025-08-11T16:57:53.223Z] CLI Version:   14.12.0
[debug] [2025-08-11T16:57:53.223Z] Platform:      android
[debug] [2025-08-11T16:57:53.223Z] Node Version:  v24.5.0
[debug] [2025-08-11T16:57:53.223Z] Time:          Mon Aug 11 2025 12:57:53 GMT-0400 (Atlantic Standard Time)
[debug] [2025-08-11T16:57:53.223Z] ----------------------------------------------------------------------
[debug] 
[debug] [2025-08-11T16:57:53.438Z] > command requires scopes: ["email","openid","https://www.googleapis.com/auth/cloudplatformprojects.readonly","https://www.googleapis.com/auth/firebase","https://www.googleapis.com/auth/cloud-platform"]
[debug] [2025-08-11T16:57:53.439Z] > authorizing via FIREBASE_TOKEN environment variable
[warn] ⚠  Authenticating with `FIREBASE_TOKEN` is deprecated and will be removed in a future major version of `firebase-tools`. Instead, use a service account key with `GOOGLE_APPLICATION_CREDENTIALS`: https://cloud.google.com/docs/authentication/getting-started 
[debug] [2025-08-11T16:57:53.440Z] [iam] checking project sentinel-vanguard-ai-pro for permissions ["firebase.projects.get","firebasehosting.sites.update"]
[debug] [2025-08-11T16:57:53.442Z] No OAuth tokens found
[debug] [2025-08-11T16:57:53.442Z] No OAuth tokens found
[debug] [2025-08-11T16:57:53.442Z] > refreshing access token with scopes: []
[debug] [2025-08-11T16:57:53.444Z] >>> [apiv2][query] POST https://www.googleapis.com/oauth2/v3/token [none]
[debug] [2025-08-11T16:57:53.444Z] >>> [apiv2][body] POST https://www.googleapis.com/oauth2/v3/token [omitted]
[debug] [2025-08-11T16:57:54.060Z] <<< [apiv2][status] POST https://www.googleapis.com/oauth2/v3/token 400
[debug] [2025-08-11T16:57:54.060Z] <<< [apiv2][body] POST https://www.googleapis.com/oauth2/v3/token [omitted]
[debug] [2025-08-11T16:57:54.060Z] >>> [apiv2][query] POST https://cloudresourcemanager.googleapis.com/v1/projects/sentinel-vanguard-ai-pro:testIamPermissions [none]
[debug] [2025-08-11T16:57:54.060Z] >>> [apiv2][(partial)header] POST https://cloudresourcemanager.googleapis.com/v1/projects/sentinel-vanguard-ai-pro:testIamPermissions x-goog-quota-user=projects/sentinel-vanguard-ai-pro
[debug] [2025-08-11T16:57:54.061Z] >>> [apiv2][body] POST https://cloudresourcemanager.googleapis.com/v1/projects/sentinel-vanguard-ai-pro:testIamPermissions {"permissions":["firebase.projects.get","firebasehosting.sites.update"]}
[debug] [2025-08-11T16:57:55.391Z] <<< [apiv2][status] POST https://cloudresourcemanager.googleapis.com/v1/projects/sentinel-vanguard-ai-pro:testIamPermissions 401
[debug] [2025-08-11T16:57:55.394Z] <<< [apiv2][body] POST https://cloudresourcemanager.googleapis.com/v1/projects/sentinel-vanguard-ai-pro:testIamPermissions {"error":{"code":401,"message":"Request had invalid authentication credentials. Expected OAuth 2 access token, login cookie or other valid authentication credential. See https://developers.google.com/identity/sign-in/web/devconsole-project.","status":"UNAUTHENTICATED","details":[{"@type":"type.googleapis.com/google.rpc.ErrorInfo","reason":"ACCESS_TOKEN_TYPE_UNSUPPORTED","metadata":{"service":"cloudresourcemanager.googleapis.com","method":"google.cloudresourcemanager.v1.Projects.TestIamPermissions"}}]}}
[debug] [2025-08-11T16:57:55.394Z] Got a 401 Unauthenticated error for a call that required authentication. Refreshing tokens.
[debug] [2025-08-11T16:57:55.396Z] No OAuth tokens found
[debug] [2025-08-11T16:57:55.397Z] No OAuth tokens found
[debug] [2025-08-11T16:57:55.398Z] > refreshing access token with scopes: []
[debug] [2025-08-11T16:57:55.400Z] >>> [apiv2][query] POST https://www.googleapis.com/oauth2/v3/token [none]
[debug] [2025-08-11T16:57:55.401Z] >>> [apiv2][body] POST https://www.googleapis.com/oauth2/v3/token [omitted]
[debug] [2025-08-11T16:57:55.586Z] <<< [apiv2][status] POST https://www.googleapis.com/oauth2/v3/token 400
[debug] [2025-08-11T16:57:55.587Z] <<< [apiv2][body] POST https://www.googleapis.com/oauth2/v3/token [omitted]
[debug] [2025-08-11T16:57:55.596Z] [iam] error while checking permissions, command may fail: Request to https://cloudresourcemanager.googleapis.com/v1/projects/sentinel-vanguard-ai-pro:testIamPermissions had HTTP Error: 401, Request had invalid authentication credentials. Expected OAuth 2 access token, login cookie or other valid authentication credential. See https://developers.google.com/identity/sign-in/web/devconsole-project.
[debug] [2025-08-11T16:57:55.600Z] No OAuth tokens found
[debug] [2025-08-11T16:57:55.602Z] >>> [apiv2][query] GET https://firebase.googleapis.com/v1beta1/projects/sentinel-vanguard-ai-pro [none]
[debug] [2025-08-11T16:57:56.204Z] <<< [apiv2][status] GET https://firebase.googleapis.com/v1beta1/projects/sentinel-vanguard-ai-pro 401
[debug] [2025-08-11T16:57:56.206Z] <<< [apiv2][body] GET https://firebase.googleapis.com/v1beta1/projects/sentinel-vanguard-ai-pro {"error":{"code":401,"message":"Request had invalid authentication credentials. Expected OAuth 2 access token, login cookie or other valid authentication credential. See https://developers.google.com/identity/sign-in/web/devconsole-project.","status":"UNAUTHENTICATED"}}
[debug] [2025-08-11T16:57:56.206Z] Got a 401 Unauthenticated error for a call that required authentication. Refreshing tokens.
[debug] [2025-08-11T16:57:56.207Z] No OAuth tokens found
[debug] [2025-08-11T16:57:56.208Z] No OAuth tokens found
[debug] [2025-08-11T16:57:56.208Z] > refreshing access token with scopes: []
[debug] [2025-08-11T16:57:56.210Z] >>> [apiv2][query] POST https://www.googleapis.com/oauth2/v3/token [none]
[debug] [2025-08-11T16:57:56.210Z] >>> [apiv2][body] POST https://www.googleapis.com/oauth2/v3/token [omitted]
[debug] [2025-08-11T16:57:56.377Z] <<< [apiv2][status] POST https://www.googleapis.com/oauth2/v3/token 400
[debug] [2025-08-11T16:57:56.378Z] <<< [apiv2][body] POST https://www.googleapis.com/oauth2/v3/token [omitted]
[debug] [2025-08-11T16:57:56.382Z] Request to https://firebase.googleapis.com/v1beta1/projects/sentinel-vanguard-ai-pro had HTTP Error: 401, Request had invalid authentication credentials. Expected OAuth 2 access token, login cookie or other valid authentication credential. See https://developers.google.com/identity/sign-in/web/devconsole-project.
[debug] [2025-08-11T16:57:56.394Z] Specified "public" directory "dist" does not exist; Deploy to Hosting site "" may fail or be empty.
[error] 
[error] Error: Assertion failed: resolving hosting target of a site with no site name or target name. This should have caused an error earlier
