0 verbose cli /data/data/com.termux/files/usr/bin/node /data/data/com.termux/files/usr/bin/npm
1 info using npm@10.9.3
2 info using node@v22.18.0
3 silly config load:file:/data/data/com.termux/files/usr/lib/node_modules/npm/npmrc
4 silly config load:file:/data/data/com.termux/files/home/.npmrc
5 silly config load:file:/data/data/com.termux/files/usr/etc/npmrc
6 verbose title npm install wrangler@latest
7 verbose argv "install" "--global" "wrangler@latest"
8 verbose logfile logs-max:10 dir:/data/data/com.termux/files/home/.npm/_logs/2025-08-19T17_59_54_536Z-
9 verbose logfile /data/data/com.termux/files/home/.npm/_logs/2025-08-19T17_59_54_536Z-debug-0.log
10 silly packumentCache heap:1098907648 maxSize:274726912 maxEntrySize:137363456
11 silly logfile start cleaning logs, removing 1 files
12 silly logfile done cleaning log files
13 silly packumentCache corgi:https://registry.npmjs.org/wrangler cache-miss
14 http fetch GET 200 https://registry.npmjs.org/wrangler 1137ms (cache updated)
15 silly packumentCache corgi:https://registry.npmjs.org/wrangler set size:undefined disposed:false
16 silly idealTree buildDeps
17 silly fetch manifest wrangler@4.31.0
18 silly packumentCache full:https://registry.npmjs.org/wrangler cache-miss
19 http fetch GET 200 https://registry.npmjs.org/wrangler 616ms (cache updated)
20 silly packumentCache full:https://registry.npmjs.org/wrangler set size:undefined disposed:false
21 silly placeDep ROOT wrangler@4.31.0 OK for:  want: 4.31.0
22 silly fetch manifest blake3-wasm@2.1.5
23 silly packumentCache full:https://registry.npmjs.org/blake3-wasm cache-miss
24 silly fetch manifest esbuild@0.25.4
25 silly packumentCache full:https://registry.npmjs.org/esbuild cache-miss
26 silly fetch manifest path-to-regexp@6.3.0
27 silly packumentCache full:https://registry.npmjs.org/path-to-regexp cache-miss
28 silly fetch manifest unenv@2.0.0-rc.19
29 silly packumentCache full:https://registry.npmjs.org/unenv cache-miss
30 silly fetch manifest workerd@1.20250816.0
31 silly packumentCache full:https://registry.npmjs.org/workerd cache-miss
32 silly fetch manifest miniflare@4.20250816.0
33 silly packumentCache full:https://registry.npmjs.org/miniflare cache-miss
34 silly fetch manifest @cloudflare/unenv-preset@2.6.2
35 silly packumentCache full:https://registry.npmjs.org/@cloudflare%2funenv-preset cache-miss
36 silly fetch manifest @cloudflare/kv-asset-handler@0.4.0
37 silly packumentCache full:https://registry.npmjs.org/@cloudflare%2fkv-asset-handler cache-miss
38 silly fetch manifest fsevents@~2.3.2
39 silly packumentCache full:https://registry.npmjs.org/fsevents cache-miss
40 http fetch GET 200 https://registry.npmjs.org/path-to-regexp 104ms (cache revalidated)
41 silly packumentCache full:https://registry.npmjs.org/path-to-regexp set size:196503 disposed:false
42 http fetch GET 200 https://registry.npmjs.org/blake3-wasm 317ms (cache revalidated)
43 silly packumentCache full:https://registry.npmjs.org/blake3-wasm set size:6797 disposed:false
44 http fetch GET 200 https://registry.npmjs.org/unenv 317ms (cache revalidated)
45 silly packumentCache full:https://registry.npmjs.org/unenv set size:222670 disposed:false
46 http fetch GET 200 https://registry.npmjs.org/fsevents 320ms (cache revalidated)
47 silly packumentCache full:https://registry.npmjs.org/fsevents set size:182472 disposed:false
48 http fetch GET 200 https://registry.npmjs.org/esbuild 331ms (cache revalidated)
49 silly packumentCache full:https://registry.npmjs.org/esbuild set size:1222589 disposed:false
50 http fetch GET 200 https://registry.npmjs.org/workerd 390ms (cache updated)
51 silly packumentCache full:https://registry.npmjs.org/workerd set size:undefined disposed:false
52 http fetch GET 200 https://registry.npmjs.org/@cloudflare%2funenv-preset 420ms (cache updated)
53 silly packumentCache full:https://registry.npmjs.org/@cloudflare%2funenv-preset set size:undefined disposed:false
54 http fetch GET 200 https://registry.npmjs.org/@cloudflare%2fkv-asset-handler 452ms (cache revalidated)
55 silly packumentCache full:https://registry.npmjs.org/@cloudflare%2fkv-asset-handler set size:76019 disposed:false
56 http fetch GET 200 https://registry.npmjs.org/miniflare 547ms (cache updated)
57 silly packumentCache full:https://registry.npmjs.org/miniflare set size:undefined disposed:false
58 silly placeDep node_modules/wrangler @cloudflare/kv-asset-handler@0.4.0 OK for: wrangler@4.31.0 want: 0.4.0
59 silly placeDep node_modules/wrangler @cloudflare/unenv-preset@2.6.2 OK for: wrangler@4.31.0 want: 2.6.2
60 silly placeDep node_modules/wrangler unenv@2.0.0-rc.19 OK for: @cloudflare/unenv-preset@2.6.2 want: 2.0.0-rc.19
61 silly placeDep node_modules/wrangler blake3-wasm@2.1.5 OK for: wrangler@4.31.0 want: 2.1.5
62 silly placeDep node_modules/wrangler esbuild@0.25.4 OK for: wrangler@4.31.0 want: 0.25.4
63 silly placeDep node_modules/wrangler fsevents@2.3.3 OK for: wrangler@4.31.0 want: ~2.3.2
64 silly placeDep node_modules/wrangler miniflare@4.20250816.0 OK for: wrangler@4.31.0 want: 4.20250816.0
65 silly placeDep node_modules/wrangler path-to-regexp@6.3.0 OK for: wrangler@4.31.0 want: 6.3.0
66 silly placeDep node_modules/wrangler workerd@1.20250816.0 OK for: wrangler@4.31.0 want: 1.20250816.0
67 silly fetch manifest mime@^3.0.0
68 silly packumentCache full:https://registry.npmjs.org/mime cache-miss
69 silly fetch manifest defu@^6.1.4
70 silly packumentCache full:https://registry.npmjs.org/defu cache-miss
71 silly fetch manifest exsolve@^1.0.7
72 silly packumentCache full:https://registry.npmjs.org/exsolve cache-miss
73 silly fetch manifest ohash@^2.0.11
74 silly packumentCache full:https://registry.npmjs.org/ohash cache-miss
75 silly fetch manifest pathe@^2.0.3
76 silly packumentCache full:https://registry.npmjs.org/pathe cache-miss
77 silly fetch manifest ufo@^1.6.1
78 silly packumentCache full:https://registry.npmjs.org/ufo cache-miss
79 silly fetch manifest @esbuild/aix-ppc64@0.25.4
80 silly packumentCache full:https://registry.npmjs.org/@esbuild%2faix-ppc64 cache-miss
81 silly fetch manifest @esbuild/linux-arm@0.25.4
82 silly packumentCache full:https://registry.npmjs.org/@esbuild%2flinux-arm cache-miss
83 silly fetch manifest @esbuild/linux-x64@0.25.4
84 silly packumentCache full:https://registry.npmjs.org/@esbuild%2flinux-x64 cache-miss
85 http fetch GET 200 https://registry.npmjs.org/ufo 81ms (cache revalidated)
86 silly packumentCache full:https://registry.npmjs.org/ufo set size:160860 disposed:false
87 silly fetch manifest @esbuild/sunos-x64@0.25.4
88 silly packumentCache full:https://registry.npmjs.org/@esbuild%2fsunos-x64 cache-miss
89 http fetch GET 200 https://registry.npmjs.org/defu 90ms (cache revalidated)
90 silly packumentCache full:https://registry.npmjs.org/defu set size:85562 disposed:false
91 silly fetch manifest @esbuild/win32-x64@0.25.4
92 silly packumentCache full:https://registry.npmjs.org/@esbuild%2fwin32-x64 cache-miss
93 http fetch GET 200 https://registry.npmjs.org/pathe 98ms (cache revalidated)
94 silly packumentCache full:https://registry.npmjs.org/pathe set size:68788 disposed:false
95 silly fetch manifest @esbuild/darwin-x64@0.25.4
96 silly packumentCache full:https://registry.npmjs.org/@esbuild%2fdarwin-x64 cache-miss
97 http fetch GET 200 https://registry.npmjs.org/exsolve 119ms (cache revalidated)
98 silly packumentCache full:https://registry.npmjs.org/exsolve set size:54534 disposed:false
99 silly fetch manifest @esbuild/linux-ia32@0.25.4
100 silly packumentCache full:https://registry.npmjs.org/@esbuild%2flinux-ia32 cache-miss
101 http fetch GET 200 https://registry.npmjs.org/@esbuild%2flinux-arm 120ms (cache revalidated)
102 silly packumentCache full:https://registry.npmjs.org/@esbuild%2flinux-arm set size:174493 disposed:false
103 silly fetch manifest @esbuild/netbsd-x64@0.25.4
104 silly packumentCache full:https://registry.npmjs.org/@esbuild%2fnetbsd-x64 cache-miss
105 http fetch GET 200 https://registry.npmjs.org/mime 126ms (cache revalidated)
106 silly packumentCache full:https://registry.npmjs.org/mime set size:116750 disposed:false
107 silly fetch manifest @esbuild/win32-ia32@0.25.4
108 silly packumentCache full:https://registry.npmjs.org/@esbuild%2fwin32-ia32 cache-miss
109 http fetch GET 200 https://registry.npmjs.org/@esbuild%2flinux-x64 138ms (cache revalidated)
110 silly packumentCache full:https://registry.npmjs.org/@esbuild%2flinux-x64 set size:174796 disposed:false
111 silly fetch manifest @esbuild/android-arm@0.25.4
112 silly packumentCache full:https://registry.npmjs.org/@esbuild%2fandroid-arm cache-miss
113 http fetch GET 200 https://registry.npmjs.org/ohash 142ms (cache revalidated)
114 silly packumentCache full:https://registry.npmjs.org/ohash set size:69122 disposed:false
115 silly fetch manifest @esbuild/android-x64@0.25.4
116 silly packumentCache full:https://registry.npmjs.org/@esbuild%2fandroid-x64 cache-miss
117 http fetch GET 200 https://registry.npmjs.org/@esbuild%2faix-ppc64 145ms (cache revalidated)
118 silly packumentCache full:https://registry.npmjs.org/@esbuild%2faix-ppc64 set size:41678 disposed:false
119 silly fetch manifest @esbuild/freebsd-x64@0.25.4
120 silly packumentCache full:https://registry.npmjs.org/@esbuild%2ffreebsd-x64 cache-miss
121 http fetch GET 200 https://registry.npmjs.org/@esbuild%2fsunos-x64 89ms (cache revalidated)
122 silly packumentCache full:https://registry.npmjs.org/@esbuild%2fsunos-x64 set size:175006 disposed:false
123 silly fetch manifest @esbuild/linux-arm64@0.25.4
124 silly packumentCache full:https://registry.npmjs.org/@esbuild%2flinux-arm64 cache-miss
125 http fetch GET 200 https://registry.npmjs.org/@esbuild%2fdarwin-x64 90ms (cache revalidated)
126 silly packumentCache full:https://registry.npmjs.org/@esbuild%2fdarwin-x64 set size:175420 disposed:false
127 silly fetch manifest @esbuild/linux-ppc64@0.25.4
128 silly packumentCache full:https://registry.npmjs.org/@esbuild%2flinux-ppc64 cache-miss
129 http fetch GET 200 https://registry.npmjs.org/@esbuild%2fwin32-x64 105ms (cache revalidated)
130 silly packumentCache full:https://registry.npmjs.org/@esbuild%2fwin32-x64 set size:175007 disposed:false
131 silly fetch manifest @esbuild/linux-s390x@0.25.4
132 silly packumentCache full:https://registry.npmjs.org/@esbuild%2flinux-s390x cache-miss
133 http fetch GET 200 https://registry.npmjs.org/@esbuild%2flinux-ia32 129ms (cache revalidated)
134 silly packumentCache full:https://registry.npmjs.org/@esbuild%2flinux-ia32 set size:175378 disposed:false
135 silly fetch manifest @esbuild/openbsd-x64@0.25.4
136 silly packumentCache full:https://registry.npmjs.org/@esbuild%2fopenbsd-x64 cache-miss
137 http fetch GET 200 https://registry.npmjs.org/@esbuild%2ffreebsd-x64 116ms (cache revalidated)
138 silly packumentCache full:https://registry.npmjs.org/@esbuild%2ffreebsd-x64 set size:176184 disposed:false
139 silly fetch manifest @esbuild/win32-arm64@0.25.4
140 silly packumentCache full:https://registry.npmjs.org/@esbuild%2fwin32-arm64 cache-miss
141 http fetch GET 200 https://registry.npmjs.org/@esbuild%2fandroid-x64 123ms (cache revalidated)
142 silly packumentCache full:https://registry.npmjs.org/@esbuild%2fandroid-x64 set size:174842 disposed:false
143 silly fetch manifest @esbuild/darwin-arm64@0.25.4
144 silly packumentCache full:https://registry.npmjs.org/@esbuild%2fdarwin-arm64 cache-miss
145 http fetch GET 200 https://registry.npmjs.org/@esbuild%2fandroid-arm 128ms (cache revalidated)
146 silly packumentCache full:https://registry.npmjs.org/@esbuild%2fandroid-arm set size:201040 disposed:false
147 silly fetch manifest @esbuild/netbsd-arm64@0.25.4
148 silly packumentCache full:https://registry.npmjs.org/@esbuild%2fnetbsd-arm64 cache-miss
149 http fetch GET 200 https://registry.npmjs.org/@esbuild%2flinux-arm64 102ms (cache revalidated)
150 silly packumentCache full:https://registry.npmjs.org/@esbuild%2flinux-arm64 set size:176365 disposed:false
151 silly fetch manifest @esbuild/android-arm64@0.25.4
152 silly packumentCache full:https://registry.npmjs.org/@esbuild%2fandroid-arm64 cache-miss
153 http fetch GET 200 https://registry.npmjs.org/@esbuild%2fnetbsd-x64 159ms (cache revalidated)
154 silly packumentCache full:https://registry.npmjs.org/@esbuild%2fnetbsd-x64 set size:173407 disposed:false
155 silly fetch manifest @esbuild/freebsd-arm64@0.25.4
156 silly packumentCache full:https://registry.npmjs.org/@esbuild%2ffreebsd-arm64 cache-miss
157 http fetch GET 200 https://registry.npmjs.org/@esbuild%2fwin32-ia32 171ms (cache revalidated)
158 silly packumentCache full:https://registry.npmjs.org/@esbuild%2fwin32-ia32 set size:175575 disposed:false
159 silly fetch manifest @esbuild/linux-loong64@0.25.4
160 silly packumentCache full:https://registry.npmjs.org/@esbuild%2flinux-loong64 cache-miss
161 http fetch GET 200 https://registry.npmjs.org/@esbuild%2flinux-s390x 103ms (cache revalidated)
162 silly packumentCache full:https://registry.npmjs.org/@esbuild%2flinux-s390x set size:177698 disposed:false
163 silly fetch manifest @esbuild/linux-riscv64@0.25.4
164 silly packumentCache full:https://registry.npmjs.org/@esbuild%2flinux-riscv64 cache-miss
165 http fetch GET 200 https://registry.npmjs.org/@esbuild%2flinux-ppc64 116ms (cache revalidated)
166 silly packumentCache full:https://registry.npmjs.org/@esbuild%2flinux-ppc64 set size:178165 disposed:false
167 silly fetch manifest @esbuild/openbsd-arm64@0.25.4
168 silly packumentCache full:https://registry.npmjs.org/@esbuild%2fopenbsd-arm64 cache-miss
169 http fetch GET 200 https://registry.npmjs.org/@esbuild%2fopenbsd-x64 120ms (cache revalidated)
170 silly packumentCache full:https://registry.npmjs.org/@esbuild%2fopenbsd-x64 set size:176188 disposed:false
171 silly fetch manifest @esbuild/linux-mips64el@0.25.4
172 silly packumentCache full:https://registry.npmjs.org/@esbuild%2flinux-mips64el cache-miss
173 http fetch GET 200 https://registry.npmjs.org/@esbuild%2fnetbsd-arm64 114ms (cache revalidated)
174 silly packumentCache full:https://registry.npmjs.org/@esbuild%2fnetbsd-arm64 set size:19782 disposed:false
175 silly fetch manifest @cspotcode/source-map-support@0.8.1
176 silly packumentCache full:https://registry.npmjs.org/@cspotcode%2fsource-map-support cache-miss
177 http fetch GET 200 https://registry.npmjs.org/@esbuild%2fwin32-arm64 124ms (cache revalidated)
178 silly packumentCache full:https://registry.npmjs.org/@esbuild%2fwin32-arm64 set size:176567 disposed:false
179 silly fetch manifest acorn@8.14.0
180 silly packumentCache full:https://registry.npmjs.org/acorn cache-miss
181 http fetch GET 200 https://registry.npmjs.org/@esbuild%2fandroid-arm64 111ms (cache revalidated)
182 silly packumentCache full:https://registry.npmjs.org/@esbuild%2fandroid-arm64 set size:177769 disposed:false
183 silly fetch manifest acorn-walk@8.3.2
184 silly packumentCache full:https://registry.npmjs.org/acorn-walk cache-miss
185 http fetch GET 200 https://registry.npmjs.org/@esbuild%2ffreebsd-arm64 127ms (cache revalidated)
186 silly packumentCache full:https://registry.npmjs.org/@esbuild%2ffreebsd-arm64 set size:177740 disposed:false
187 silly fetch manifest exit-hook@2.2.1
188 silly packumentCache full:https://registry.npmjs.org/exit-hook cache-miss
189 http fetch GET 200 https://registry.npmjs.org/@esbuild%2flinux-riscv64 114ms (cache revalidated)
190 silly packumentCache full:https://registry.npmjs.org/@esbuild%2flinux-riscv64 set size:177852 disposed:false
191 silly fetch manifest glob-to-regexp@0.4.1
192 silly packumentCache full:https://registry.npmjs.org/glob-to-regexp cache-miss
193 http fetch GET 200 https://registry.npmjs.org/@esbuild%2flinux-loong64 131ms (cache revalidated)
194 silly packumentCache full:https://registry.npmjs.org/@esbuild%2flinux-loong64 set size:231040 disposed:false
195 silly fetch manifest sharp@^0.33.5
196 silly packumentCache full:https://registry.npmjs.org/sharp cache-miss
197 http fetch GET 200 https://registry.npmjs.org/@esbuild%2fdarwin-arm64 175ms (cache revalidated)
198 silly packumentCache full:https://registry.npmjs.org/@esbuild%2fdarwin-arm64 set size:176959 disposed:false
199 silly fetch manifest stoppable@1.1.0
200 silly packumentCache full:https://registry.npmjs.org/stoppable cache-miss
201 http fetch GET 200 https://registry.npmjs.org/@esbuild%2fopenbsd-arm64 142ms (cache revalidated)
202 silly packumentCache full:https://registry.npmjs.org/@esbuild%2fopenbsd-arm64 set size:24998 disposed:false
203 silly fetch manifest undici@^7.10.0
204 silly packumentCache full:https://registry.npmjs.org/undici cache-miss
205 http fetch GET 200 https://registry.npmjs.org/glob-to-regexp 70ms (cache revalidated)
206 silly packumentCache full:https://registry.npmjs.org/glob-to-regexp set size:15844 disposed:false
207 silly fetch manifest ws@8.18.0
208 silly packumentCache full:https://registry.npmjs.org/ws cache-miss
209 http fetch GET 200 https://registry.npmjs.org/@esbuild%2flinux-mips64el 118ms (cache revalidated)
210 silly packumentCache full:https://registry.npmjs.org/@esbuild%2flinux-mips64el set size:179689 disposed:false
211 silly fetch manifest youch@4.1.0-beta.10
212 silly packumentCache full:https://registry.npmjs.org/youch cache-miss
213 http fetch GET 200 https://registry.npmjs.org/acorn 109ms (cache revalidated)
214 silly packumentCache full:https://registry.npmjs.org/acorn set size:377362 disposed:false
215 silly fetch manifest zod@3.22.3
216 silly packumentCache full:https://registry.npmjs.org/zod cache-miss
217 http fetch GET 200 https://registry.npmjs.org/acorn-walk 129ms (cache revalidated)
218 silly packumentCache full:https://registry.npmjs.org/acorn-walk set size:48148 disposed:false
219 silly fetch manifest @cloudflare/workerd-linux-64@1.20250816.0
220 silly packumentCache full:https://registry.npmjs.org/@cloudflare%2fworkerd-linux-64 cache-miss
221 http fetch GET 200 https://registry.npmjs.org/exit-hook 120ms (cache revalidated)
222 silly packumentCache full:https://registry.npmjs.org/exit-hook set size:39176 disposed:false
223 silly fetch manifest @cloudflare/workerd-darwin-64@1.20250816.0
224 silly packumentCache full:https://registry.npmjs.org/@cloudflare%2fworkerd-darwin-64 cache-miss
225 http fetch GET 200 https://registry.npmjs.org/sharp 109ms (cache revalidated)
226 silly packumentCache full:https://registry.npmjs.org/sharp set size:972854 disposed:false
227 silly fetch manifest @cloudflare/workerd-windows-64@1.20250816.0
228 silly packumentCache full:https://registry.npmjs.org/@cloudflare%2fworkerd-windows-64 cache-miss
229 http fetch GET 200 https://registry.npmjs.org/stoppable 141ms (cache revalidated)
230 silly packumentCache full:https://registry.npmjs.org/stoppable set size:23886 disposed:false
231 silly fetch manifest @cloudflare/workerd-linux-arm64@1.20250816.0
232 silly packumentCache full:https://registry.npmjs.org/@cloudflare%2fworkerd-linux-arm64 cache-miss
233 http fetch GET 200 https://registry.npmjs.org/@cspotcode%2fsource-map-support 215ms (cache revalidated)
234 silly packumentCache full:https://registry.npmjs.org/@cspotcode%2fsource-map-support set size:30214 disposed:false
235 silly fetch manifest @cloudflare/workerd-darwin-arm64@1.20250816.0
236 silly packumentCache full:https://registry.npmjs.org/@cloudflare%2fworkerd-darwin-arm64 cache-miss
237 http fetch GET 200 https://registry.npmjs.org/youch 108ms (cache revalidated)
238 silly packumentCache full:https://registry.npmjs.org/youch set size:118751 disposed:false
239 http fetch GET 200 https://registry.npmjs.org/ws 126ms (cache revalidated)
240 silly packumentCache full:https://registry.npmjs.org/ws set size:410885 disposed:false
241 http fetch GET 200 https://registry.npmjs.org/undici 180ms (cache updated)
242 silly packumentCache full:https://registry.npmjs.org/undici set size:undefined disposed:false
243 http fetch GET 200 https://registry.npmjs.org/@cloudflare%2fworkerd-linux-64 178ms (cache updated)
244 silly packumentCache full:https://registry.npmjs.org/@cloudflare%2fworkerd-linux-64 set size:undefined disposed:false
245 http fetch GET 200 https://registry.npmjs.org/@cloudflare%2fworkerd-darwin-64 228ms (cache updated)
246 silly packumentCache full:https://registry.npmjs.org/@cloudflare%2fworkerd-darwin-64 set size:undefined disposed:false
247 http fetch GET 200 https://registry.npmjs.org/@cloudflare%2fworkerd-windows-64 237ms (cache updated)
248 silly packumentCache full:https://registry.npmjs.org/@cloudflare%2fworkerd-windows-64 set size:undefined disposed:false
249 http fetch GET 200 https://registry.npmjs.org/@cloudflare%2fworkerd-linux-arm64 241ms (cache updated)
250 silly packumentCache full:https://registry.npmjs.org/@cloudflare%2fworkerd-linux-arm64 set size:undefined disposed:false
251 http fetch GET 200 https://registry.npmjs.org/zod 343ms (cache updated)
252 silly packumentCache full:https://registry.npmjs.org/zod set size:undefined disposed:false
253 http fetch GET 200 https://registry.npmjs.org/@cloudflare%2fworkerd-darwin-arm64 289ms (cache updated)
254 silly packumentCache full:https://registry.npmjs.org/@cloudflare%2fworkerd-darwin-arm64 set size:undefined disposed:false
255 silly placeDep node_modules/wrangler mime@3.0.0 OK for: @cloudflare/kv-asset-handler@0.4.0 want: ^3.0.0
256 silly placeDep node_modules/wrangler @esbuild/aix-ppc64@0.25.4 OK for: esbuild@0.25.4 want: 0.25.4
257 silly placeDep node_modules/wrangler @esbuild/android-arm@0.25.4 OK for: esbuild@0.25.4 want: 0.25.4
258 silly placeDep node_modules/wrangler @esbuild/android-arm64@0.25.4 OK for: esbuild@0.25.4 want: 0.25.4
259 silly placeDep node_modules/wrangler @esbuild/android-x64@0.25.4 OK for: esbuild@0.25.4 want: 0.25.4
260 silly placeDep node_modules/wrangler @esbuild/darwin-arm64@0.25.4 OK for: esbuild@0.25.4 want: 0.25.4
261 silly placeDep node_modules/wrangler @esbuild/darwin-x64@0.25.4 OK for: esbuild@0.25.4 want: 0.25.4
262 silly placeDep node_modules/wrangler @esbuild/freebsd-arm64@0.25.4 OK for: esbuild@0.25.4 want: 0.25.4
263 silly placeDep node_modules/wrangler @esbuild/freebsd-x64@0.25.4 OK for: esbuild@0.25.4 want: 0.25.4
264 silly placeDep node_modules/wrangler @esbuild/linux-arm@0.25.4 OK for: esbuild@0.25.4 want: 0.25.4
265 silly placeDep node_modules/wrangler @esbuild/linux-arm64@0.25.4 OK for: esbuild@0.25.4 want: 0.25.4
266 silly placeDep node_modules/wrangler @esbuild/linux-ia32@0.25.4 OK for: esbuild@0.25.4 want: 0.25.4
267 silly placeDep node_modules/wrangler @esbuild/linux-loong64@0.25.4 OK for: esbuild@0.25.4 want: 0.25.4
268 silly placeDep node_modules/wrangler @esbuild/linux-mips64el@0.25.4 OK for: esbuild@0.25.4 want: 0.25.4
269 silly placeDep node_modules/wrangler @esbuild/linux-ppc64@0.25.4 OK for: esbuild@0.25.4 want: 0.25.4
270 silly placeDep node_modules/wrangler @esbuild/linux-riscv64@0.25.4 OK for: esbuild@0.25.4 want: 0.25.4
271 silly placeDep node_modules/wrangler @esbuild/linux-s390x@0.25.4 OK for: esbuild@0.25.4 want: 0.25.4
272 silly placeDep node_modules/wrangler @esbuild/linux-x64@0.25.4 OK for: esbuild@0.25.4 want: 0.25.4
273 silly placeDep node_modules/wrangler @esbuild/netbsd-arm64@0.25.4 OK for: esbuild@0.25.4 want: 0.25.4
274 silly placeDep node_modules/wrangler @esbuild/netbsd-x64@0.25.4 OK for: esbuild@0.25.4 want: 0.25.4
275 silly placeDep node_modules/wrangler @esbuild/openbsd-arm64@0.25.4 OK for: esbuild@0.25.4 want: 0.25.4
276 silly placeDep node_modules/wrangler @esbuild/openbsd-x64@0.25.4 OK for: esbuild@0.25.4 want: 0.25.4
277 silly placeDep node_modules/wrangler @esbuild/sunos-x64@0.25.4 OK for: esbuild@0.25.4 want: 0.25.4
278 silly placeDep node_modules/wrangler @esbuild/win32-arm64@0.25.4 OK for: esbuild@0.25.4 want: 0.25.4
279 silly placeDep node_modules/wrangler @esbuild/win32-ia32@0.25.4 OK for: esbuild@0.25.4 want: 0.25.4
280 silly placeDep node_modules/wrangler @esbuild/win32-x64@0.25.4 OK for: esbuild@0.25.4 want: 0.25.4
281 silly fetch manifest bufferutil@^4.0.1
282 silly packumentCache full:https://registry.npmjs.org/bufferutil cache-miss
283 http fetch GET 200 https://registry.npmjs.org/bufferutil 111ms (cache revalidated)
284 silly packumentCache full:https://registry.npmjs.org/bufferutil set size:51033 disposed:false
285 silly fetch manifest utf-8-validate@>=5.0.2
286 silly packumentCache full:https://registry.npmjs.org/utf-8-validate cache-miss
287 http fetch GET 200 https://registry.npmjs.org/utf-8-validate 124ms (cache revalidated)
288 silly packumentCache full:https://registry.npmjs.org/utf-8-validate set size:75205 disposed:false
289 silly placeDep node_modules/wrangler @cspotcode/source-map-support@0.8.1 OK for: miniflare@4.20250816.0 want: 0.8.1
290 silly placeDep node_modules/wrangler acorn@8.14.0 OK for: miniflare@4.20250816.0 want: 8.14.0
291 silly placeDep node_modules/wrangler acorn-walk@8.3.2 OK for: miniflare@4.20250816.0 want: 8.3.2
292 silly placeDep node_modules/wrangler exit-hook@2.2.1 OK for: miniflare@4.20250816.0 want: 2.2.1
293 silly placeDep node_modules/wrangler glob-to-regexp@0.4.1 OK for: miniflare@4.20250816.0 want: 0.4.1
294 silly placeDep node_modules/wrangler sharp@0.33.5 OK for: miniflare@4.20250816.0 want: ^0.33.5
295 silly placeDep node_modules/wrangler stoppable@1.1.0 OK for: miniflare@4.20250816.0 want: 1.1.0
296 silly placeDep node_modules/wrangler undici@7.14.0 OK for: miniflare@4.20250816.0 want: ^7.10.0
297 silly placeDep node_modules/wrangler ws@8.18.0 OK for: miniflare@4.20250816.0 want: 8.18.0
298 silly placeDep node_modules/wrangler youch@4.1.0-beta.10 OK for: miniflare@4.20250816.0 want: 4.1.0-beta.10
299 silly placeDep node_modules/wrangler zod@3.22.3 OK for: miniflare@4.20250816.0 want: 3.22.3
300 silly fetch manifest @jridgewell/trace-mapping@0.3.9
301 silly packumentCache full:https://registry.npmjs.org/@jridgewell%2ftrace-mapping cache-miss
302 silly fetch manifest color@^4.2.3
303 silly packumentCache full:https://registry.npmjs.org/color cache-miss
304 silly fetch manifest semver@^7.6.3
305 silly packumentCache full:https://registry.npmjs.org/semver cache-miss
306 silly fetch manifest detect-libc@^2.0.3
307 silly packumentCache full:https://registry.npmjs.org/detect-libc cache-miss
308 silly fetch manifest @img/sharp-wasm32@0.33.5
309 silly packumentCache full:https://registry.npmjs.org/@img%2fsharp-wasm32 cache-miss
310 silly fetch manifest @img/sharp-linux-arm@0.33.5
311 silly packumentCache full:https://registry.npmjs.org/@img%2fsharp-linux-arm cache-miss
312 silly fetch manifest @img/sharp-linux-x64@0.33.5
313 silly packumentCache full:https://registry.npmjs.org/@img%2fsharp-linux-x64 cache-miss
314 silly fetch manifest @img/sharp-win32-x64@0.33.5
315 silly packumentCache full:https://registry.npmjs.org/@img%2fsharp-win32-x64 cache-miss
316 silly fetch manifest @img/sharp-darwin-x64@0.33.5
317 silly packumentCache full:https://registry.npmjs.org/@img%2fsharp-darwin-x64 cache-miss
318 http fetch GET 200 https://registry.npmjs.org/color 88ms (cache revalidated)
319 silly packumentCache full:https://registry.npmjs.org/color set size:94626 disposed:false
320 silly fetch manifest @img/sharp-win32-ia32@0.33.5
321 silly packumentCache full:https://registry.npmjs.org/@img%2fsharp-win32-ia32 cache-miss
322 http fetch GET 200 https://registry.npmjs.org/detect-libc 94ms (cache revalidated)
323 silly packumentCache full:https://registry.npmjs.org/detect-libc set size:38400 disposed:false
324 silly fetch manifest @img/sharp-linux-arm64@0.33.5
325 silly packumentCache full:https://registry.npmjs.org/@img%2fsharp-linux-arm64 cache-miss
326 http fetch GET 200 https://registry.npmjs.org/semver 106ms (cache revalidated)
327 silly packumentCache full:https://registry.npmjs.org/semver set size:224186 disposed:false
328 silly fetch manifest @img/sharp-linux-s390x@0.33.5
329 silly packumentCache full:https://registry.npmjs.org/@img%2fsharp-linux-s390x cache-miss
330 http fetch GET 200 https://registry.npmjs.org/@img%2fsharp-wasm32 117ms (cache revalidated)
331 silly packumentCache full:https://registry.npmjs.org/@img%2fsharp-wasm32 set size:50688 disposed:false
332 silly fetch manifest @img/sharp-darwin-arm64@0.33.5
333 silly packumentCache full:https://registry.npmjs.org/@img%2fsharp-darwin-arm64 cache-miss
334 http fetch GET 200 https://registry.npmjs.org/@img%2fsharp-darwin-x64 122ms (cache revalidated)
335 silly packumentCache full:https://registry.npmjs.org/@img%2fsharp-darwin-x64 set size:51571 disposed:false
336 silly fetch manifest @img/sharp-linuxmusl-x64@0.33.5
337 silly packumentCache full:https://registry.npmjs.org/@img%2fsharp-linuxmusl-x64 cache-miss
338 http fetch GET 200 https://registry.npmjs.org/@img%2fsharp-win32-x64 126ms (cache revalidated)
339 silly packumentCache full:https://registry.npmjs.org/@img%2fsharp-win32-x64 set size:55114 disposed:false
340 silly fetch manifest @img/sharp-linuxmusl-arm64@0.33.5
341 silly packumentCache full:https://registry.npmjs.org/@img%2fsharp-linuxmusl-arm64 cache-miss
342 http fetch GET 200 https://registry.npmjs.org/@jridgewell%2ftrace-mapping 131ms (cache updated)
343 silly packumentCache full:https://registry.npmjs.org/@jridgewell%2ftrace-mapping set size:undefined disposed:false
344 silly fetch manifest @img/sharp-libvips-linux-arm@1.0.5
345 silly packumentCache full:https://registry.npmjs.org/@img%2fsharp-libvips-linux-arm cache-miss
346 http fetch GET 200 https://registry.npmjs.org/@img%2fsharp-linux-x64 139ms (cache revalidated)
347 silly packumentCache full:https://registry.npmjs.org/@img%2fsharp-linux-x64 set size:52371 disposed:false
348 silly fetch manifest @img/sharp-libvips-linux-x64@1.0.4
349 silly packumentCache full:https://registry.npmjs.org/@img%2fsharp-libvips-linux-x64 cache-miss
350 http fetch GET 200 https://registry.npmjs.org/@img%2fsharp-linux-arm 142ms (cache revalidated)
351 silly packumentCache full:https://registry.npmjs.org/@img%2fsharp-linux-arm set size:52646 disposed:false
352 silly fetch manifest @img/sharp-libvips-darwin-x64@1.0.4
353 silly packumentCache full:https://registry.npmjs.org/@img%2fsharp-libvips-darwin-x64 cache-miss
354 http fetch GET 200 https://registry.npmjs.org/@img%2fsharp-win32-ia32 94ms (cache revalidated)
355 silly packumentCache full:https://registry.npmjs.org/@img%2fsharp-win32-ia32 set size:55612 disposed:false
356 silly fetch manifest @img/sharp-libvips-linux-arm64@1.0.4
357 silly packumentCache full:https://registry.npmjs.org/@img%2fsharp-libvips-linux-arm64 cache-miss
358 http fetch GET 200 https://registry.npmjs.org/@img%2fsharp-linux-arm64 97ms (cache revalidated)
359 silly packumentCache full:https://registry.npmjs.org/@img%2fsharp-linux-arm64 set size:53085 disposed:false
360 silly fetch manifest @img/sharp-libvips-linux-s390x@1.0.4
361 silly packumentCache full:https://registry.npmjs.org/@img%2fsharp-libvips-linux-s390x cache-miss
362 http fetch GET 200 https://registry.npmjs.org/@img%2fsharp-linuxmusl-x64 113ms (cache revalidated)
363 silly packumentCache full:https://registry.npmjs.org/@img%2fsharp-linuxmusl-x64 set size:53227 disposed:false
364 silly fetch manifest @img/sharp-libvips-darwin-arm64@1.0.4
365 silly packumentCache full:https://registry.npmjs.org/@img%2fsharp-libvips-darwin-arm64 cache-miss
366 http fetch GET 200 https://registry.npmjs.org/@img%2fsharp-linux-s390x 137ms (cache revalidated)
367 silly packumentCache full:https://registry.npmjs.org/@img%2fsharp-linux-s390x set size:51081 disposed:false
368 silly fetch manifest @img/sharp-libvips-linuxmusl-x64@1.0.4
369 silly packumentCache full:https://registry.npmjs.org/@img%2fsharp-libvips-linuxmusl-x64 cache-miss
370 http fetch GET 200 https://registry.npmjs.org/@img%2fsharp-darwin-arm64 132ms (cache revalidated)
371 silly packumentCache full:https://registry.npmjs.org/@img%2fsharp-darwin-arm64 set size:52294 disposed:false
372 silly fetch manifest @img/sharp-libvips-linuxmusl-arm64@1.0.4
373 silly packumentCache full:https://registry.npmjs.org/@img%2fsharp-libvips-linuxmusl-arm64 cache-miss
374 http fetch GET 200 https://registry.npmjs.org/@img%2fsharp-libvips-darwin-x64 116ms (cache revalidated)
375 silly packumentCache full:https://registry.npmjs.org/@img%2fsharp-libvips-darwin-x64 set size:39990 disposed:false
376 silly fetch manifest cookie@^1.0.2
377 silly packumentCache full:https://registry.npmjs.org/cookie cache-miss
378 http fetch GET 200 https://registry.npmjs.org/@img%2fsharp-libvips-linux-x64 122ms (cache revalidated)
379 silly packumentCache full:https://registry.npmjs.org/@img%2fsharp-libvips-linux-x64 set size:44397 disposed:false
380 silly fetch manifest youch-core@^0.3.3
381 silly packumentCache full:https://registry.npmjs.org/youch-core cache-miss
382 http fetch GET 200 https://registry.npmjs.org/@img%2fsharp-libvips-linux-arm 141ms (cache revalidated)
383 silly packumentCache full:https://registry.npmjs.org/@img%2fsharp-libvips-linux-arm set size:46296 disposed:false
384 silly fetch manifest @poppinss/colors@^4.1.5
385 silly packumentCache full:https://registry.npmjs.org/@poppinss%2fcolors cache-miss
386 http fetch GET 200 https://registry.npmjs.org/@img%2fsharp-libvips-linux-arm64 114ms (cache revalidated)
387 silly packumentCache full:https://registry.npmjs.org/@img%2fsharp-libvips-linux-arm64 set size:43033 disposed:false
388 silly fetch manifest @poppinss/dumper@^0.6.4
389 silly packumentCache full:https://registry.npmjs.org/@poppinss%2fdumper cache-miss
390 http fetch GET 200 https://registry.npmjs.org/@img%2fsharp-linuxmusl-arm64 186ms (cache revalidated)
391 silly packumentCache full:https://registry.npmjs.org/@img%2fsharp-linuxmusl-arm64 set size:53947 disposed:false
392 silly fetch manifest @speed-highlight/core@^1.2.7
393 silly packumentCache full:https://registry.npmjs.org/@speed-highlight%2fcore cache-miss
394 http fetch GET 200 https://registry.npmjs.org/@img%2fsharp-libvips-linux-s390x 148ms (cache revalidated)
395 silly packumentCache full:https://registry.npmjs.org/@img%2fsharp-libvips-linux-s390x set size:39272 disposed:false
396 http fetch GET 200 https://registry.npmjs.org/@img%2fsharp-libvips-darwin-arm64 118ms (cache revalidated)
397 silly packumentCache full:https://registry.npmjs.org/@img%2fsharp-libvips-darwin-arm64 set size:40411 disposed:false
398 http fetch GET 200 https://registry.npmjs.org/@img%2fsharp-libvips-linuxmusl-arm64 112ms (cache revalidated)
399 silly packumentCache full:https://registry.npmjs.org/@img%2fsharp-libvips-linuxmusl-arm64 set size:41651 disposed:false
400 http fetch GET 200 https://registry.npmjs.org/youch-core 104ms (cache revalidated)
401 silly packumentCache full:https://registry.npmjs.org/youch-core set size:45040 disposed:false
402 http fetch GET 200 https://registry.npmjs.org/cookie 110ms (cache revalidated)
403 silly packumentCache full:https://registry.npmjs.org/cookie set size:67180 disposed:false
404 http fetch GET 200 https://registry.npmjs.org/@img%2fsharp-libvips-linuxmusl-x64 130ms (cache revalidated)
405 silly packumentCache full:https://registry.npmjs.org/@img%2fsharp-libvips-linuxmusl-x64 set size:41195 disposed:false
406 http fetch GET 200 https://registry.npmjs.org/@poppinss%2fcolors 163ms (cache revalidated)
407 silly packumentCache full:https://registry.npmjs.org/@poppinss%2fcolors set size:135739 disposed:false
408 http fetch GET 200 https://registry.npmjs.org/@poppinss%2fdumper 137ms (cache revalidated)
409 silly packumentCache full:https://registry.npmjs.org/@poppinss%2fdumper set size:82621 disposed:false
410 http fetch GET 200 https://registry.npmjs.org/@speed-highlight%2fcore 200ms (cache revalidated)
411 silly packumentCache full:https://registry.npmjs.org/@speed-highlight%2fcore set size:56269 disposed:false
412 silly placeDep node_modules/wrangler @jridgewell/trace-mapping@0.3.9 OK for: @cspotcode/source-map-support@0.8.1 want: 0.3.9
413 silly fetch manifest @jridgewell/resolve-uri@^3.0.3
414 silly packumentCache full:https://registry.npmjs.org/@jridgewell%2fresolve-uri cache-miss
415 silly fetch manifest @jridgewell/sourcemap-codec@^1.4.10
416 silly packumentCache full:https://registry.npmjs.org/@jridgewell%2fsourcemap-codec cache-miss
417 http fetch GET 200 https://registry.npmjs.org/@jridgewell%2fresolve-uri 149ms (cache revalidated)
418 silly packumentCache full:https://registry.npmjs.org/@jridgewell%2fresolve-uri set size:57361 disposed:false
419 http fetch GET 200 https://registry.npmjs.org/@jridgewell%2fsourcemap-codec 156ms (cache updated)
420 silly packumentCache full:https://registry.npmjs.org/@jridgewell%2fsourcemap-codec set size:undefined disposed:false
421 silly placeDep node_modules/wrangler @jridgewell/resolve-uri@3.1.2 OK for: @jridgewell/trace-mapping@0.3.9 want: ^3.0.3
422 silly placeDep node_modules/wrangler @jridgewell/sourcemap-codec@1.5.5 OK for: @jridgewell/trace-mapping@0.3.9 want: ^1.4.10
423 silly placeDep node_modules/wrangler @img/sharp-darwin-arm64@0.33.5 OK for: sharp@0.33.5 want: 0.33.5
424 silly placeDep node_modules/wrangler @img/sharp-darwin-x64@0.33.5 OK for: sharp@0.33.5 want: 0.33.5
425 silly placeDep node_modules/wrangler @img/sharp-libvips-darwin-arm64@1.0.4 OK for: sharp@0.33.5 want: 1.0.4
426 silly placeDep node_modules/wrangler @img/sharp-libvips-darwin-x64@1.0.4 OK for: sharp@0.33.5 want: 1.0.4
427 silly placeDep node_modules/wrangler @img/sharp-libvips-linux-arm@1.0.5 OK for: sharp@0.33.5 want: 1.0.5
428 silly placeDep node_modules/wrangler @img/sharp-libvips-linux-arm64@1.0.4 OK for: sharp@0.33.5 want: 1.0.4
429 silly placeDep node_modules/wrangler @img/sharp-libvips-linux-s390x@1.0.4 OK for: sharp@0.33.5 want: 1.0.4
430 silly placeDep node_modules/wrangler @img/sharp-libvips-linux-x64@1.0.4 OK for: sharp@0.33.5 want: 1.0.4
431 silly placeDep node_modules/wrangler @img/sharp-libvips-linuxmusl-arm64@1.0.4 OK for: sharp@0.33.5 want: 1.0.4
432 silly placeDep node_modules/wrangler @img/sharp-libvips-linuxmusl-x64@1.0.4 OK for: sharp@0.33.5 want: 1.0.4
433 silly placeDep node_modules/wrangler @img/sharp-linux-arm@0.33.5 OK for: sharp@0.33.5 want: 0.33.5
434 silly placeDep node_modules/wrangler @img/sharp-linux-arm64@0.33.5 OK for: sharp@0.33.5 want: 0.33.5
435 silly placeDep node_modules/wrangler @img/sharp-linux-s390x@0.33.5 OK for: sharp@0.33.5 want: 0.33.5
436 silly placeDep node_modules/wrangler @img/sharp-linux-x64@0.33.5 OK for: sharp@0.33.5 want: 0.33.5
437 silly placeDep node_modules/wrangler @img/sharp-linuxmusl-arm64@0.33.5 OK for: sharp@0.33.5 want: 0.33.5
438 silly placeDep node_modules/wrangler @img/sharp-linuxmusl-x64@0.33.5 OK for: sharp@0.33.5 want: 0.33.5
439 silly placeDep node_modules/wrangler @img/sharp-wasm32@0.33.5 OK for: sharp@0.33.5 want: 0.33.5
440 silly placeDep node_modules/wrangler @img/sharp-win32-ia32@0.33.5 OK for: sharp@0.33.5 want: 0.33.5
441 silly placeDep node_modules/wrangler @img/sharp-win32-x64@0.33.5 OK for: sharp@0.33.5 want: 0.33.5
442 silly placeDep node_modules/wrangler color@4.2.3 OK for: sharp@0.33.5 want: ^4.2.3
443 silly placeDep node_modules/wrangler detect-libc@2.0.4 OK for: sharp@0.33.5 want: ^2.0.3
444 silly placeDep node_modules/wrangler semver@7.7.2 OK for: sharp@0.33.5 want: ^7.6.3
445 silly fetch manifest @emnapi/runtime@^1.2.0
446 silly packumentCache full:https://registry.npmjs.org/@emnapi%2fruntime cache-miss
447 silly fetch manifest color-string@^1.9.0
448 silly packumentCache full:https://registry.npmjs.org/color-string cache-miss
449 silly fetch manifest color-convert@^2.0.1
450 silly packumentCache full:https://registry.npmjs.org/color-convert cache-miss
451 http fetch GET 200 https://registry.npmjs.org/color-convert 119ms (cache revalidated)
452 silly packumentCache full:https://registry.npmjs.org/color-convert set size:68789 disposed:false
453 http fetch GET 200 https://registry.npmjs.org/color-string 132ms (cache revalidated)
454 silly packumentCache full:https://registry.npmjs.org/color-string set size:76696 disposed:false
455 http fetch GET 200 https://registry.npmjs.org/@emnapi%2fruntime 148ms (cache revalidated)
456 silly packumentCache full:https://registry.npmjs.org/@emnapi%2fruntime set size:86717 disposed:false
457 silly placeDep node_modules/wrangler @emnapi/runtime@1.4.5 OK for: @img/sharp-wasm32@0.33.5 want: ^1.2.0
458 silly fetch manifest tslib@^2.4.0
459 silly packumentCache full:https://registry.npmjs.org/tslib cache-miss
460 http fetch GET 200 https://registry.npmjs.org/tslib 102ms (cache revalidated)
461 silly packumentCache full:https://registry.npmjs.org/tslib set size:108820 disposed:false
462 silly placeDep node_modules/wrangler tslib@2.8.1 OK for: @emnapi/runtime@1.4.5 want: ^2.4.0
463 silly placeDep node_modules/wrangler color-convert@2.0.1 OK for: color@4.2.3 want: ^2.0.1
464 silly placeDep node_modules/wrangler color-string@1.9.1 OK for: color@4.2.3 want: ^1.9.0
465 silly fetch manifest color-name@~1.1.4
466 silly packumentCache full:https://registry.npmjs.org/color-name cache-miss
467 silly fetch manifest color-name@^1.0.0
468 silly packumentCache full:https://registry.npmjs.org/color-name cache-miss
469 silly fetch manifest simple-swizzle@^0.2.2
470 silly packumentCache full:https://registry.npmjs.org/simple-swizzle cache-miss
471 http fetch GET 200 https://registry.npmjs.org/color-name 91ms (cache revalidated)
472 silly packumentCache full:https://registry.npmjs.org/color-name set size:16325 disposed:false
473 http fetch GET 200 https://registry.npmjs.org/color-name 103ms (cache revalidated)
474 silly packumentCache full:https://registry.npmjs.org/color-name set size:16325 disposed:false
475 silly packumentCache full:https://registry.npmjs.org/color-name dispose
476 http fetch GET 200 https://registry.npmjs.org/simple-swizzle 104ms (cache revalidated)
477 silly packumentCache full:https://registry.npmjs.org/simple-swizzle set size:8442 disposed:false
478 silly placeDep node_modules/wrangler color-name@1.1.4 OK for: color-convert@2.0.1 want: ~1.1.4
479 silly placeDep node_modules/wrangler simple-swizzle@0.2.2 OK for: color-string@1.9.1 want: ^0.2.2
480 silly fetch manifest is-arrayish@^0.3.1
481 silly packumentCache full:https://registry.npmjs.org/is-arrayish cache-miss
482 http fetch GET 200 https://registry.npmjs.org/is-arrayish 88ms (cache revalidated)
483 silly packumentCache full:https://registry.npmjs.org/is-arrayish set size:13422 disposed:false
484 silly placeDep node_modules/wrangler is-arrayish@0.3.2 OK for: simple-swizzle@0.2.2 want: ^0.3.1
485 silly placeDep node_modules/wrangler defu@6.1.4 OK for: unenv@2.0.0-rc.19 want: ^6.1.4
486 silly placeDep node_modules/wrangler exsolve@1.0.7 OK for: unenv@2.0.0-rc.19 want: ^1.0.7
487 silly placeDep node_modules/wrangler ohash@2.0.11 OK for: unenv@2.0.0-rc.19 want: ^2.0.11
488 silly placeDep node_modules/wrangler pathe@2.0.3 OK for: unenv@2.0.0-rc.19 want: ^2.0.3
489 silly placeDep node_modules/wrangler ufo@1.6.1 OK for: unenv@2.0.0-rc.19 want: ^1.6.1
490 silly placeDep node_modules/wrangler @cloudflare/workerd-darwin-64@1.20250816.0 OK for: workerd@1.20250816.0 want: 1.20250816.0
491 silly placeDep node_modules/wrangler @cloudflare/workerd-darwin-arm64@1.20250816.0 OK for: workerd@1.20250816.0 want: 1.20250816.0
492 silly placeDep node_modules/wrangler @cloudflare/workerd-linux-64@1.20250816.0 OK for: workerd@1.20250816.0 want: 1.20250816.0
493 silly placeDep node_modules/wrangler @cloudflare/workerd-linux-arm64@1.20250816.0 OK for: workerd@1.20250816.0 want: 1.20250816.0
494 silly placeDep node_modules/wrangler @cloudflare/workerd-windows-64@1.20250816.0 OK for: workerd@1.20250816.0 want: 1.20250816.0
495 silly placeDep node_modules/wrangler @poppinss/colors@4.1.5 OK for: youch@4.1.0-beta.10 want: ^4.1.5
496 silly placeDep node_modules/wrangler @poppinss/dumper@0.6.4 OK for: youch@4.1.0-beta.10 want: ^0.6.4
497 silly placeDep node_modules/wrangler @speed-highlight/core@1.2.7 OK for: youch@4.1.0-beta.10 want: ^1.2.7
498 silly placeDep node_modules/wrangler cookie@1.0.2 OK for: youch@4.1.0-beta.10 want: ^1.0.2
499 silly placeDep node_modules/wrangler youch-core@0.3.3 OK for: youch@4.1.0-beta.10 want: ^0.3.3
500 silly fetch manifest kleur@^4.1.5
501 silly packumentCache full:https://registry.npmjs.org/kleur cache-miss
502 silly fetch manifest @sindresorhus/is@^7.0.2
503 silly packumentCache full:https://registry.npmjs.org/@sindresorhus%2fis cache-miss
504 silly fetch manifest supports-color@^10.0.0
505 silly packumentCache full:https://registry.npmjs.org/supports-color cache-miss
506 silly fetch manifest @poppinss/exception@^1.2.2
507 silly packumentCache full:https://registry.npmjs.org/@poppinss%2fexception cache-miss
508 silly fetch manifest error-stack-parser-es@^1.0.5
509 silly packumentCache full:https://registry.npmjs.org/error-stack-parser-es cache-miss
510 http fetch GET 200 https://registry.npmjs.org/kleur 135ms (cache revalidated)
511 silly packumentCache full:https://registry.npmjs.org/kleur set size:61853 disposed:false
512 http fetch GET 200 https://registry.npmjs.org/@sindresorhus%2fis 152ms (cache revalidated)
513 silly packumentCache full:https://registry.npmjs.org/@sindresorhus%2fis set size:185969 disposed:false
514 http fetch GET 200 https://registry.npmjs.org/error-stack-parser-es 172ms (cache revalidated)
515 silly packumentCache full:https://registry.npmjs.org/error-stack-parser-es set size:21097 disposed:false
516 http fetch GET 200 https://registry.npmjs.org/@poppinss%2fexception 177ms (cache revalidated)
517 silly packumentCache full:https://registry.npmjs.org/@poppinss%2fexception set size:16349 disposed:false
518 http fetch GET 200 https://registry.npmjs.org/supports-color 180ms (cache updated)
519 silly packumentCache full:https://registry.npmjs.org/supports-color set size:undefined disposed:false
520 silly placeDep node_modules/wrangler kleur@4.1.5 OK for: @poppinss/colors@4.1.5 want: ^4.1.5
521 silly placeDep node_modules/wrangler @sindresorhus/is@7.0.2 OK for: @poppinss/dumper@0.6.4 want: ^7.0.2
522 silly placeDep node_modules/wrangler supports-color@10.2.0 OK for: @poppinss/dumper@0.6.4 want: ^10.0.0
523 silly placeDep node_modules/wrangler @poppinss/exception@1.2.2 OK for: youch-core@0.3.3 want: ^1.2.2
524 silly placeDep node_modules/wrangler error-stack-parser-es@1.0.5 OK for: youch-core@0.3.3 want: ^1.0.5
525 silly reify moves {}
526 verbose reify failed optional dependency /data/data/com.termux/files/usr/lib/node_modules/wrangler/node_modules/@cloudflare/workerd-windows-64
527 silly reify mark deleted [
527 silly reify   '/data/data/com.termux/files/usr/lib/node_modules/wrangler/node_modules/@cloudflare/workerd-windows-64'
527 silly reify ]
528 verbose reify failed optional dependency /data/data/com.termux/files/usr/lib/node_modules/wrangler/node_modules/@cloudflare/workerd-linux-arm64
529 silly reify mark deleted [
529 silly reify   '/data/data/com.termux/files/usr/lib/node_modules/wrangler/node_modules/@cloudflare/workerd-linux-arm64'
529 silly reify ]
530 verbose reify failed optional dependency /data/data/com.termux/files/usr/lib/node_modules/wrangler/node_modules/@cloudflare/workerd-linux-64
531 silly reify mark deleted [
531 silly reify   '/data/data/com.termux/files/usr/lib/node_modules/wrangler/node_modules/@cloudflare/workerd-linux-64'
531 silly reify ]
532 verbose reify failed optional dependency /data/data/com.termux/files/usr/lib/node_modules/wrangler/node_modules/@cloudflare/workerd-darwin-arm64
533 silly reify mark deleted [
533 silly reify   '/data/data/com.termux/files/usr/lib/node_modules/wrangler/node_modules/@cloudflare/workerd-darwin-arm64'
533 silly reify ]
534 verbose reify failed optional dependency /data/data/com.termux/files/usr/lib/node_modules/wrangler/node_modules/@cloudflare/workerd-darwin-64
535 silly reify mark deleted [
535 silly reify   '/data/data/com.termux/files/usr/lib/node_modules/wrangler/node_modules/@cloudflare/workerd-darwin-64'
535 silly reify ]
536 verbose reify failed optional dependency /data/data/com.termux/files/usr/lib/node_modules/wrangler/node_modules/@img/sharp-win32-x64
537 silly reify mark deleted [
537 silly reify   '/data/data/com.termux/files/usr/lib/node_modules/wrangler/node_modules/@img/sharp-win32-x64'
537 silly reify ]
538 verbose reify failed optional dependency /data/data/com.termux/files/usr/lib/node_modules/wrangler/node_modules/@img/sharp-win32-ia32
539 silly reify mark deleted [
539 silly reify   '/data/data/com.termux/files/usr/lib/node_modules/wrangler/node_modules/@img/sharp-win32-ia32'
539 silly reify ]
540 verbose reify failed optional dependency /data/data/com.termux/files/usr/lib/node_modules/wrangler/node_modules/@img/sharp-wasm32
541 silly reify mark deleted [
541 silly reify   '/data/data/com.termux/files/usr/lib/node_modules/wrangler/node_modules/@img/sharp-wasm32'
541 silly reify ]
542 verbose reify failed optional dependency /data/data/com.termux/files/usr/lib/node_modules/wrangler/node_modules/@emnapi/runtime
543 silly reify mark deleted [
543 silly reify   '/data/data/com.termux/files/usr/lib/node_modules/wrangler/node_modules/@emnapi/runtime'
543 silly reify ]
544 verbose reify failed optional dependency /data/data/com.termux/files/usr/lib/node_modules/wrangler/node_modules/tslib
545 silly reify mark deleted [
545 silly reify   '/data/data/com.termux/files/usr/lib/node_modules/wrangler/node_modules/tslib'
545 silly reify ]
546 verbose reify failed optional dependency /data/data/com.termux/files/usr/lib/node_modules/wrangler/node_modules/@img/sharp-linuxmusl-x64
547 silly reify mark deleted [
547 silly reify   '/data/data/com.termux/files/usr/lib/node_modules/wrangler/node_modules/@img/sharp-linuxmusl-x64'
547 silly reify ]
548 verbose reify failed optional dependency /data/data/com.termux/files/usr/lib/node_modules/wrangler/node_modules/@img/sharp-linuxmusl-arm64
549 silly reify mark deleted [
549 silly reify   '/data/data/com.termux/files/usr/lib/node_modules/wrangler/node_modules/@img/sharp-linuxmusl-arm64'
549 silly reify ]
550 verbose reify failed optional dependency /data/data/com.termux/files/usr/lib/node_modules/wrangler/node_modules/@img/sharp-linux-x64
551 silly reify mark deleted [
551 silly reify   '/data/data/com.termux/files/usr/lib/node_modules/wrangler/node_modules/@img/sharp-linux-x64'
551 silly reify ]
552 verbose reify failed optional dependency /data/data/com.termux/files/usr/lib/node_modules/wrangler/node_modules/@img/sharp-linux-s390x
553 silly reify mark deleted [
553 silly reify   '/data/data/com.termux/files/usr/lib/node_modules/wrangler/node_modules/@img/sharp-linux-s390x'
553 silly reify ]
554 verbose reify failed optional dependency /data/data/com.termux/files/usr/lib/node_modules/wrangler/node_modules/@img/sharp-linux-arm64
555 silly reify mark deleted [
555 silly reify   '/data/data/com.termux/files/usr/lib/node_modules/wrangler/node_modules/@img/sharp-linux-arm64'
555 silly reify ]
556 verbose reify failed optional dependency /data/data/com.termux/files/usr/lib/node_modules/wrangler/node_modules/@img/sharp-linux-arm
557 silly reify mark deleted [
557 silly reify   '/data/data/com.termux/files/usr/lib/node_modules/wrangler/node_modules/@img/sharp-linux-arm'
557 silly reify ]
558 verbose reify failed optional dependency /data/data/com.termux/files/usr/lib/node_modules/wrangler/node_modules/@img/sharp-libvips-linuxmusl-x64
559 silly reify mark deleted [
559 silly reify   '/data/data/com.termux/files/usr/lib/node_modules/wrangler/node_modules/@img/sharp-libvips-linuxmusl-x64'
559 silly reify ]
560 verbose reify failed optional dependency /data/data/com.termux/files/usr/lib/node_modules/wrangler/node_modules/@img/sharp-libvips-linuxmusl-arm64
561 silly reify mark deleted [
561 silly reify   '/data/data/com.termux/files/usr/lib/node_modules/wrangler/node_modules/@img/sharp-libvips-linuxmusl-arm64'
561 silly reify ]
562 verbose reify failed optional dependency /data/data/com.termux/files/usr/lib/node_modules/wrangler/node_modules/@img/sharp-libvips-linux-x64
563 silly reify mark deleted [
563 silly reify   '/data/data/com.termux/files/usr/lib/node_modules/wrangler/node_modules/@img/sharp-libvips-linux-x64'
563 silly reify ]
564 verbose reify failed optional dependency /data/data/com.termux/files/usr/lib/node_modules/wrangler/node_modules/@img/sharp-libvips-linux-s390x
565 silly reify mark deleted [
565 silly reify   '/data/data/com.termux/files/usr/lib/node_modules/wrangler/node_modules/@img/sharp-libvips-linux-s390x'
565 silly reify ]
566 verbose reify failed optional dependency /data/data/com.termux/files/usr/lib/node_modules/wrangler/node_modules/@img/sharp-libvips-linux-arm64
567 silly reify mark deleted [
567 silly reify   '/data/data/com.termux/files/usr/lib/node_modules/wrangler/node_modules/@img/sharp-libvips-linux-arm64'
567 silly reify ]
568 verbose reify failed optional dependency /data/data/com.termux/files/usr/lib/node_modules/wrangler/node_modules/@img/sharp-libvips-linux-arm
569 silly reify mark deleted [
569 silly reify   '/data/data/com.termux/files/usr/lib/node_modules/wrangler/node_modules/@img/sharp-libvips-linux-arm'
569 silly reify ]
570 verbose reify failed optional dependency /data/data/com.termux/files/usr/lib/node_modules/wrangler/node_modules/@img/sharp-libvips-darwin-x64
571 silly reify mark deleted [
571 silly reify   '/data/data/com.termux/files/usr/lib/node_modules/wrangler/node_modules/@img/sharp-libvips-darwin-x64'
571 silly reify ]
572 verbose reify failed optional dependency /data/data/com.termux/files/usr/lib/node_modules/wrangler/node_modules/@img/sharp-libvips-darwin-arm64
573 silly reify mark deleted [
573 silly reify   '/data/data/com.termux/files/usr/lib/node_modules/wrangler/node_modules/@img/sharp-libvips-darwin-arm64'
573 silly reify ]
574 verbose reify failed optional dependency /data/data/com.termux/files/usr/lib/node_modules/wrangler/node_modules/@img/sharp-darwin-x64
575 silly reify mark deleted [
575 silly reify   '/data/data/com.termux/files/usr/lib/node_modules/wrangler/node_modules/@img/sharp-darwin-x64'
575 silly reify ]
576 verbose reify failed optional dependency /data/data/com.termux/files/usr/lib/node_modules/wrangler/node_modules/@img/sharp-darwin-arm64
577 silly reify mark deleted [
577 silly reify   '/data/data/com.termux/files/usr/lib/node_modules/wrangler/node_modules/@img/sharp-darwin-arm64'
577 silly reify ]
578 verbose reify failed optional dependency /data/data/com.termux/files/usr/lib/node_modules/wrangler/node_modules/@esbuild/win32-x64
579 silly reify mark deleted [
579 silly reify   '/data/data/com.termux/files/usr/lib/node_modules/wrangler/node_modules/@esbuild/win32-x64'
579 silly reify ]
580 verbose reify failed optional dependency /data/data/com.termux/files/usr/lib/node_modules/wrangler/node_modules/@esbuild/win32-ia32
581 silly reify mark deleted [
581 silly reify   '/data/data/com.termux/files/usr/lib/node_modules/wrangler/node_modules/@esbuild/win32-ia32'
581 silly reify ]
582 verbose reify failed optional dependency /data/data/com.termux/files/usr/lib/node_modules/wrangler/node_modules/@esbuild/win32-arm64
583 silly reify mark deleted [
583 silly reify   '/data/data/com.termux/files/usr/lib/node_modules/wrangler/node_modules/@esbuild/win32-arm64'
583 silly reify ]
584 verbose reify failed optional dependency /data/data/com.termux/files/usr/lib/node_modules/wrangler/node_modules/@esbuild/sunos-x64
585 silly reify mark deleted [
585 silly reify   '/data/data/com.termux/files/usr/lib/node_modules/wrangler/node_modules/@esbuild/sunos-x64'
585 silly reify ]
586 verbose reify failed optional dependency /data/data/com.termux/files/usr/lib/node_modules/wrangler/node_modules/@esbuild/openbsd-x64
587 silly reify mark deleted [
587 silly reify   '/data/data/com.termux/files/usr/lib/node_modules/wrangler/node_modules/@esbuild/openbsd-x64'
587 silly reify ]
588 verbose reify failed optional dependency /data/data/com.termux/files/usr/lib/node_modules/wrangler/node_modules/@esbuild/openbsd-arm64
589 silly reify mark deleted [
589 silly reify   '/data/data/com.termux/files/usr/lib/node_modules/wrangler/node_modules/@esbuild/openbsd-arm64'
589 silly reify ]
590 verbose reify failed optional dependency /data/data/com.termux/files/usr/lib/node_modules/wrangler/node_modules/@esbuild/netbsd-x64
591 silly reify mark deleted [
591 silly reify   '/data/data/com.termux/files/usr/lib/node_modules/wrangler/node_modules/@esbuild/netbsd-x64'
591 silly reify ]
592 verbose reify failed optional dependency /data/data/com.termux/files/usr/lib/node_modules/wrangler/node_modules/@esbuild/netbsd-arm64
593 silly reify mark deleted [
593 silly reify   '/data/data/com.termux/files/usr/lib/node_modules/wrangler/node_modules/@esbuild/netbsd-arm64'
593 silly reify ]
594 verbose reify failed optional dependency /data/data/com.termux/files/usr/lib/node_modules/wrangler/node_modules/@esbuild/linux-x64
595 silly reify mark deleted [
595 silly reify   '/data/data/com.termux/files/usr/lib/node_modules/wrangler/node_modules/@esbuild/linux-x64'
595 silly reify ]
596 verbose reify failed optional dependency /data/data/com.termux/files/usr/lib/node_modules/wrangler/node_modules/@esbuild/linux-s390x
597 silly reify mark deleted [
597 silly reify   '/data/data/com.termux/files/usr/lib/node_modules/wrangler/node_modules/@esbuild/linux-s390x'
597 silly reify ]
598 verbose reify failed optional dependency /data/data/com.termux/files/usr/lib/node_modules/wrangler/node_modules/@esbuild/linux-riscv64
599 silly reify mark deleted [
599 silly reify   '/data/data/com.termux/files/usr/lib/node_modules/wrangler/node_modules/@esbuild/linux-riscv64'
599 silly reify ]
600 verbose reify failed optional dependency /data/data/com.termux/files/usr/lib/node_modules/wrangler/node_modules/@esbuild/linux-ppc64
601 silly reify mark deleted [
601 silly reify   '/data/data/com.termux/files/usr/lib/node_modules/wrangler/node_modules/@esbuild/linux-ppc64'
601 silly reify ]
602 verbose reify failed optional dependency /data/data/com.termux/files/usr/lib/node_modules/wrangler/node_modules/@esbuild/linux-mips64el
603 silly reify mark deleted [
603 silly reify   '/data/data/com.termux/files/usr/lib/node_modules/wrangler/node_modules/@esbuild/linux-mips64el'
603 silly reify ]
604 verbose reify failed optional dependency /data/data/com.termux/files/usr/lib/node_modules/wrangler/node_modules/@esbuild/linux-loong64
605 silly reify mark deleted [
605 silly reify   '/data/data/com.termux/files/usr/lib/node_modules/wrangler/node_modules/@esbuild/linux-loong64'
605 silly reify ]
606 verbose reify failed optional dependency /data/data/com.termux/files/usr/lib/node_modules/wrangler/node_modules/@esbuild/linux-ia32
607 silly reify mark deleted [
607 silly reify   '/data/data/com.termux/files/usr/lib/node_modules/wrangler/node_modules/@esbuild/linux-ia32'
607 silly reify ]
608 verbose reify failed optional dependency /data/data/com.termux/files/usr/lib/node_modules/wrangler/node_modules/@esbuild/linux-arm64
609 silly reify mark deleted [
609 silly reify   '/data/data/com.termux/files/usr/lib/node_modules/wrangler/node_modules/@esbuild/linux-arm64'
609 silly reify ]
610 verbose reify failed optional dependency /data/data/com.termux/files/usr/lib/node_modules/wrangler/node_modules/@esbuild/linux-arm
611 silly reify mark deleted [
611 silly reify   '/data/data/com.termux/files/usr/lib/node_modules/wrangler/node_modules/@esbuild/linux-arm'
611 silly reify ]
612 verbose reify failed optional dependency /data/data/com.termux/files/usr/lib/node_modules/wrangler/node_modules/@esbuild/freebsd-x64
613 silly reify mark deleted [
613 silly reify   '/data/data/com.termux/files/usr/lib/node_modules/wrangler/node_modules/@esbuild/freebsd-x64'
613 silly reify ]
614 verbose reify failed optional dependency /data/data/com.termux/files/usr/lib/node_modules/wrangler/node_modules/@esbuild/freebsd-arm64
615 silly reify mark deleted [
615 silly reify   '/data/data/com.termux/files/usr/lib/node_modules/wrangler/node_modules/@esbuild/freebsd-arm64'
615 silly reify ]
616 verbose reify failed optional dependency /data/data/com.termux/files/usr/lib/node_modules/wrangler/node_modules/@esbuild/darwin-x64
617 silly reify mark deleted [
617 silly reify   '/data/data/com.termux/files/usr/lib/node_modules/wrangler/node_modules/@esbuild/darwin-x64'
617 silly reify ]
618 verbose reify failed optional dependency /data/data/com.termux/files/usr/lib/node_modules/wrangler/node_modules/@esbuild/darwin-arm64
619 silly reify mark deleted [
619 silly reify   '/data/data/com.termux/files/usr/lib/node_modules/wrangler/node_modules/@esbuild/darwin-arm64'
619 silly reify ]
620 verbose reify failed optional dependency /data/data/com.termux/files/usr/lib/node_modules/wrangler/node_modules/@esbuild/android-x64
621 silly reify mark deleted [
621 silly reify   '/data/data/com.termux/files/usr/lib/node_modules/wrangler/node_modules/@esbuild/android-x64'
621 silly reify ]
622 verbose reify failed optional dependency /data/data/com.termux/files/usr/lib/node_modules/wrangler/node_modules/@esbuild/android-arm
623 silly reify mark deleted [
623 silly reify   '/data/data/com.termux/files/usr/lib/node_modules/wrangler/node_modules/@esbuild/android-arm'
623 silly reify ]
624 verbose reify failed optional dependency /data/data/com.termux/files/usr/lib/node_modules/wrangler/node_modules/@esbuild/aix-ppc64
625 silly reify mark deleted [
625 silly reify   '/data/data/com.termux/files/usr/lib/node_modules/wrangler/node_modules/@esbuild/aix-ppc64'
625 silly reify ]
626 verbose reify failed optional dependency /data/data/com.termux/files/usr/lib/node_modules/wrangler/node_modules/fsevents
627 silly reify mark deleted [
627 silly reify   '/data/data/com.termux/files/usr/lib/node_modules/wrangler/node_modules/fsevents'
627 silly reify ]
628 http cache wrangler@https://registry.npmjs.org/wrangler/-/wrangler-4.31.0.tgz 0ms (cache hit)
629 http cache @poppinss/exception@https://registry.npmjs.org/@poppinss/exception/-/exception-1.2.2.tgz 0ms (cache hit)
630 http cache supports-color@https://registry.npmjs.org/supports-color/-/supports-color-10.2.0.tgz 0ms (cache hit)
631 http cache @sindresorhus/is@https://registry.npmjs.org/@sindresorhus/is/-/is-7.0.2.tgz 0ms (cache hit)
632 http cache kleur@https://registry.npmjs.org/kleur/-/kleur-4.1.5.tgz 0ms (cache hit)
633 http cache cookie@https://registry.npmjs.org/cookie/-/cookie-1.0.2.tgz 0ms (cache hit)
634 http cache error-stack-parser-es@https://registry.npmjs.org/error-stack-parser-es/-/error-stack-parser-es-1.0.5.tgz 0ms (cache hit)
635 http cache @speed-highlight/core@https://registry.npmjs.org/@speed-highlight/core/-/core-1.2.7.tgz 0ms (cache hit)
636 http cache @poppinss/dumper@https://registry.npmjs.org/@poppinss/dumper/-/dumper-0.6.4.tgz 0ms (cache hit)
637 http cache @poppinss/colors@https://registry.npmjs.org/@poppinss/colors/-/colors-4.1.5.tgz 0ms (cache hit)
638 http cache ufo@https://registry.npmjs.org/ufo/-/ufo-1.6.1.tgz 0ms (cache hit)
639 http cache pathe@https://registry.npmjs.org/pathe/-/pathe-2.0.3.tgz 0ms (cache hit)
640 http cache ohash@https://registry.npmjs.org/ohash/-/ohash-2.0.11.tgz 0ms (cache hit)
641 http cache exsolve@https://registry.npmjs.org/exsolve/-/exsolve-1.0.7.tgz 0ms (cache hit)
642 http cache defu@https://registry.npmjs.org/defu/-/defu-6.1.4.tgz 0ms (cache hit)
643 http cache is-arrayish@https://registry.npmjs.org/is-arrayish/-/is-arrayish-0.3.2.tgz 0ms (cache hit)
644 http cache simple-swizzle@https://registry.npmjs.org/simple-swizzle/-/simple-swizzle-0.2.2.tgz 0ms (cache hit)
645 http cache color-name@https://registry.npmjs.org/color-name/-/color-name-1.1.4.tgz 0ms (cache hit)
646 http cache color-convert@https://registry.npmjs.org/color-convert/-/color-convert-2.0.1.tgz 0ms (cache hit)
647 http cache @emnapi/runtime@https://registry.npmjs.org/@emnapi/runtime/-/runtime-1.4.5.tgz 0ms (cache hit)
648 http cache color-string@https://registry.npmjs.org/color-string/-/color-string-1.9.1.tgz 0ms (cache hit)
649 http cache detect-libc@https://registry.npmjs.org/detect-libc/-/detect-libc-2.0.4.tgz 0ms (cache hit)
650 http cache semver@https://registry.npmjs.org/semver/-/semver-7.7.2.tgz 0ms (cache hit)
651 http cache color@https://registry.npmjs.org/color/-/color-4.2.3.tgz 0ms (cache hit)
652 http cache @jridgewell/sourcemap-codec@https://registry.npmjs.org/@jridgewell/sourcemap-codec/-/sourcemap-codec-1.5.5.tgz 0ms (cache hit)
653 http cache tslib@https://registry.npmjs.org/tslib/-/tslib-2.8.1.tgz 0ms (cache hit)
654 http cache @jridgewell/resolve-uri@https://registry.npmjs.org/@jridgewell/resolve-uri/-/resolve-uri-3.1.2.tgz 0ms (cache hit)
655 http cache @jridgewell/trace-mapping@https://registry.npmjs.org/@jridgewell/trace-mapping/-/trace-mapping-0.3.9.tgz 0ms (cache hit)
656 http cache zod@https://registry.npmjs.org/zod/-/zod-3.22.3.tgz 0ms (cache hit)
657 http cache youch@https://registry.npmjs.org/youch/-/youch-4.1.0-beta.10.tgz 0ms (cache hit)
658 http cache ws@https://registry.npmjs.org/ws/-/ws-8.18.0.tgz 0ms (cache hit)
659 http cache undici@https://registry.npmjs.org/undici/-/undici-7.14.0.tgz 0ms (cache hit)
660 http cache stoppable@https://registry.npmjs.org/stoppable/-/stoppable-1.1.0.tgz 0ms (cache hit)
661 http cache sharp@https://registry.npmjs.org/sharp/-/sharp-0.33.5.tgz 0ms (cache hit)
662 http cache exit-hook@https://registry.npmjs.org/exit-hook/-/exit-hook-2.2.1.tgz 0ms (cache hit)
663 http cache acorn-walk@https://registry.npmjs.org/acorn-walk/-/acorn-walk-8.3.2.tgz 0ms (cache hit)
664 http cache acorn@https://registry.npmjs.org/acorn/-/acorn-8.14.0.tgz 0ms (cache hit)
665 http cache @cspotcode/source-map-support@https://registry.npmjs.org/@cspotcode/source-map-support/-/source-map-support-0.8.1.tgz 0ms (cache hit)
666 http cache glob-to-regexp@https://registry.npmjs.org/glob-to-regexp/-/glob-to-regexp-0.4.1.tgz 0ms (cache hit)
667 http cache workerd@https://registry.npmjs.org/workerd/-/workerd-1.20250816.0.tgz 0ms (cache hit)
668 http cache mime@https://registry.npmjs.org/mime/-/mime-3.0.0.tgz 0ms (cache hit)
669 http cache @esbuild/android-arm64@https://registry.npmjs.org/@esbuild/android-arm64/-/android-arm64-0.25.4.tgz 0ms (cache hit)
670 http cache miniflare@https://registry.npmjs.org/miniflare/-/miniflare-4.20250816.0.tgz 0ms (cache hit)
671 http cache esbuild@https://registry.npmjs.org/esbuild/-/esbuild-0.25.4.tgz 0ms (cache hit)
672 http cache path-to-regexp@https://registry.npmjs.org/path-to-regexp/-/path-to-regexp-6.3.0.tgz 0ms (cache hit)
673 http cache blake3-wasm@https://registry.npmjs.org/blake3-wasm/-/blake3-wasm-2.1.5.tgz 0ms (cache hit)
674 http cache unenv@https://registry.npmjs.org/unenv/-/unenv-2.0.0-rc.19.tgz 0ms (cache hit)
675 http cache @cloudflare/unenv-preset@https://registry.npmjs.org/@cloudflare/unenv-preset/-/unenv-preset-2.6.2.tgz 0ms (cache hit)
676 http cache youch-core@https://registry.npmjs.org/youch-core/-/youch-core-0.3.3.tgz 0ms (cache hit)
677 http cache @cloudflare/kv-asset-handler@https://registry.npmjs.org/@cloudflare/kv-asset-handler/-/kv-asset-handler-0.4.0.tgz 0ms (cache hit)
678 silly tarball no local data for supports-color@https://registry.npmjs.org/supports-color/-/supports-color-10.2.0.tgz. Extracting by manifest.
679 silly tarball no local data for wrangler@https://registry.npmjs.org/wrangler/-/wrangler-4.31.0.tgz. Extracting by manifest.
680 silly tarball no local data for @jridgewell/sourcemap-codec@https://registry.npmjs.org/@jridgewell/sourcemap-codec/-/sourcemap-codec-1.5.5.tgz. Extracting by manifest.
681 silly tarball no local data for undici@https://registry.npmjs.org/undici/-/undici-7.14.0.tgz. Extracting by manifest.
682 silly tarball no local data for workerd@https://registry.npmjs.org/workerd/-/workerd-1.20250816.0.tgz. Extracting by manifest.
683 silly tarball no local data for miniflare@https://registry.npmjs.org/miniflare/-/miniflare-4.20250816.0.tgz. Extracting by manifest.
684 silly tarball no local data for @cloudflare/unenv-preset@https://registry.npmjs.org/@cloudflare/unenv-preset/-/unenv-preset-2.6.2.tgz. Extracting by manifest.
685 http fetch GET 200 https://registry.npmjs.org/supports-color/-/supports-color-10.2.0.tgz 245ms (cache miss)
686 http fetch GET 200 https://registry.npmjs.org/@jridgewell/sourcemap-codec/-/sourcemap-codec-1.5.5.tgz 271ms (cache miss)
687 http fetch GET 200 https://registry.npmjs.org/@cloudflare/unenv-preset/-/unenv-preset-2.6.2.tgz 269ms (cache miss)
688 http fetch GET 200 https://registry.npmjs.org/workerd/-/workerd-1.20250816.0.tgz 432ms (cache miss)
689 http fetch GET 200 https://registry.npmjs.org/undici/-/undici-7.14.0.tgz 455ms (cache miss)
690 http fetch GET 200 https://registry.npmjs.org/wrangler/-/wrangler-4.31.0.tgz 518ms (cache miss)
691 http fetch GET 200 https://registry.npmjs.org/miniflare/-/miniflare-4.20250816.0.tgz 543ms (cache miss)
692 info run sharp@0.33.5 install node_modules/wrangler/node_modules/sharp node install/check
693 info run sharp@0.33.5 install { code: 0, signal: null }
694 info run esbuild@0.25.4 postinstall node_modules/wrangler/node_modules/esbuild node install.js
695 info run esbuild@0.25.4 postinstall { code: 0, signal: null }
696 info run workerd@1.20250816.0 postinstall node_modules/wrangler/node_modules/workerd node install.js
697 info run workerd@1.20250816.0 postinstall { code: 1, signal: null }
698 verbose stack Error: command failed
698 verbose stack     at promiseSpawn (/data/data/com.termux/files/usr/lib/node_modules/npm/node_modules/@npmcli/promise-spawn/lib/index.js:22:22)
698 verbose stack     at spawnWithShell (/data/data/com.termux/files/usr/lib/node_modules/npm/node_modules/@npmcli/promise-spawn/lib/index.js:124:10)
698 verbose stack     at promiseSpawn (/data/data/com.termux/files/usr/lib/node_modules/npm/node_modules/@npmcli/promise-spawn/lib/index.js:12:12)
698 verbose stack     at runScriptPkg (/data/data/com.termux/files/usr/lib/node_modules/npm/node_modules/@npmcli/run-script/lib/run-script-pkg.js:79:13)
698 verbose stack     at runScript (/data/data/com.termux/files/usr/lib/node_modules/npm/node_modules/@npmcli/run-script/lib/run-script.js:9:12)
698 verbose stack     at /data/data/com.termux/files/usr/lib/node_modules/npm/node_modules/@npmcli/arborist/lib/arborist/rebuild.js:329:17
698 verbose stack     at run (/data/data/com.termux/files/usr/lib/node_modules/npm/node_modules/promise-call-limit/dist/commonjs/index.js:67:22)
698 verbose stack     at /data/data/com.termux/files/usr/lib/node_modules/npm/node_modules/promise-call-limit/dist/commonjs/index.js:79:13
698 verbose stack     at process.processTicksAndRejections (node:internal/process/task_queues:105:5)
699 verbose pkgid workerd@1.20250816.0
700 error code 1
701 error path /data/data/com.termux/files/usr/lib/node_modules/wrangler/node_modules/workerd
702 error command failed
703 error command sh -c node install.js
704 silly unfinished npm timer reify 1755626395527
705 silly unfinished npm timer reify:build 1755626401839
706 silly unfinished npm timer build 1755626401839
707 silly unfinished npm timer build:deps 1755626401840
708 silly unfinished npm timer build:run:postinstall 1755626402099
709 silly unfinished npm timer build:run:postinstall:node_modules/wrangler/node_modules/workerd 1755626402408
710 verbose cwd /data/data/com.termux/files/home/cf-maxi
711 verbose os Linux 6.1.93-android14-11
712 verbose node v22.18.0
713 verbose npm  v10.9.3
714 verbose exit 1
715 verbose code 1
716 error A complete log of this run can be found in: /data/data/com.termux/files/home/.npm/_logs/2025-08-19T17_59_54_536Z-debug-0.log
